{"level":"info","message":"User Authenticated Sucessfully","request":"/api/user/authenticate","timestamp":"2022-11-19T08:04:28.868Z"}
{"level":"info","message":"User Authenticated Sucessfully","request":"/api/user/authenticate","timestamp":"2022-11-19T08:05:04.526Z"}
{"level":"error","message":"User lqblyRwIeylJjL6V8Chj Found Sucessfully","request":"/api/user/getUser","timestamp":"2022-11-19T08:12:32.570Z"}
{"level":"info","message":"User Authenticated Sucessfully","request":"/api/user/authenticate","timestamp":"2022-11-21T04:48:55.925Z"}
{"level":"info","message":"User lqblyRwIeylJjL6V8Chj Found Sucessfully","request":"/api/user/getUser","timestamp":"2022-11-21T04:49:45.407Z"}
{"level":"warn","message":"User name or password wrong","request":"/api/user/authenticate","timestamp":"2022-11-21T05:13:36.970Z"}
{"level":"info","message":"User Authenticated Sucessfully","request":"/api/user/authenticate","timestamp":"2022-11-21T05:17:58.986Z"}
{"level":"info","message":"User lqblyRwIeylJjL6V8Chj Found Sucessfully","request":"/api/user/getUser","timestamp":"2022-11-21T05:22:03.121Z"}
{"level":"info","message":"User lqblyRwIeylJjL6V8Chj Found Sucessfully","request":"/api/user/getUser","timestamp":"2022-11-21T05:27:05.693Z"}
{"level":"info","message":"User lqblyRwIeylJjL6V8Chj Found Sucessfully","request":"/api/user/getUser","timestamp":"2022-11-21T05:38:59.842Z"}
{"level":"info","message":"User lqblyRwIeylJjL6V8Chj Found Sucessfully","request":"/api/user/getUser","timestamp":"2022-11-21T05:44:19.950Z"}
{"level":"info","message":"User lqblyRwIeylJjL6V8Chj Found Sucessfully","request":"/api/user/getUser","timestamp":"2022-11-21T05:44:27.566Z"}
{"level":"info","message":"User lqblyRwIeylJjL6V8Chj Found Sucessfully","request":"/api/user/getUser","timestamp":"2022-11-21T05:55:23.861Z"}
{"level":"info","message":"User lqblyRwIeylJjL6V8Chj Found Sucessfully","request":"/api/user/getUser","timestamp":"2022-11-21T05:56:25.296Z"}
{"level":"info","message":"User lqblyRwIeylJjL6V8Chj Found Sucessfully","request":"/api/user/getUser","timestamp":"2022-11-21T05:57:30.889Z"}
{"level":"info","message":"User lqblyRwIeylJjL6V8Chj Found Sucessfully","request":"/api/user/getUser","timestamp":"2022-11-21T05:57:34.125Z"}
{"level":"info","message":"User lqblyRwIeylJjL6V8Chj Found Sucessfully","request":"/api/user/getUser","timestamp":"2022-11-21T05:57:35.860Z"}
{"level":"info","message":"User Authenticated Sucessfully","request":"/api/user/authenticate","timestamp":"2022-11-22T06:36:23.893Z"}
{"level":"info","message":"User lqblyRwIeylJjL6V8Chj Found Sucessfully","request":"/api/user/getUser","timestamp":"2022-11-22T06:36:31.099Z"}
{"level":"info","message":"User lqblyRwIeylJjL6V8Chj Found Sucessfully","request":"/api/user/getUser","timestamp":"2022-11-22T06:40:41.439Z"}
{"level":"info","message":"User lqblyRwIeylJjL6V8Chj Found Sucessfully","request":"/api/user/getUser","timestamp":"2022-11-22T06:40:46.119Z"}
{"level":"info","message":"User lqblyRwIeylJjL6V8Chj Found Sucessfully","request":"/api/user/getUser","timestamp":"2022-11-22T06:42:54.910Z"}
{"level":"info","message":"User lqblyRwIeylJjL6V8Chj Found Sucessfully","request":"/api/user/getUser","timestamp":"2022-11-22T06:43:02.562Z"}
{"level":"info","message":"User lqblyRwIeylJjL6V8Chj Found Sucessfully","request":"/api/user/getUser","timestamp":"2022-11-22T06:43:07.080Z"}
{"level":"info","message":"User lqblyRwIeylJjL6V8Chj Found Sucessfully","request":"/api/user/getUser","timestamp":"2022-11-22T06:47:59.311Z"}
{"level":"info","message":"User lqblyRwIeylJjL6V8Chj Found Sucessfully","request":"/api/user/getUser","timestamp":"2022-11-22T06:48:02.371Z"}
{"level":"info","message":"User lqblyRwIeylJjL6V8Chj Found Sucessfully","request":"/api/user/getUser","timestamp":"2022-11-22T06:50:31.430Z"}
{"level":"info","message":"User lqblyRwIeylJjL6V8Chj Found Sucessfully","request":"/api/user/getUser","timestamp":"2022-11-22T06:50:39.303Z"}
{"level":"info","message":"User lqblyRwIeylJjL6V8Chj Found Sucessfully","request":"/api/user/getUser","timestamp":"2022-11-22T07:02:14.528Z"}
{"level":"info","message":"User lqblyRwIeylJjL6V8Chj Found Sucessfully","request":"/api/user/getUser","timestamp":"2022-11-22T07:08:23.791Z"}
{"level":"info","message":"User lqblyRwIeylJjL6V8Chj Found Sucessfully","request":"/api/user/getUser","timestamp":"2022-11-22T07:15:14.161Z"}
{"level":"info","message":"User lqblyRwIeylJjL6V8Chj Found Sucessfully","request":"/api/user/getUser","timestamp":"2022-11-22T07:17:44.952Z"}
{"level":"info","message":"User lqblyRwIeylJjL6V8Chj Found Sucessfully","request":"/api/user/getUser","timestamp":"2022-11-22T07:18:25.916Z"}
{"level":"info","message":"User lqblyRwIeylJjL6V8Chj Found Sucessfully","request":"/api/user/getUser","timestamp":"2022-11-22T07:18:28.201Z"}
{"level":"info","message":"User lqblyRwIeylJjL6V8Chj Found Sucessfully","request":"/api/user/getUser","timestamp":"2022-11-22T07:20:12.560Z"}
{"level":"info","message":"User lqblyRwIeylJjL6V8Chj Found Sucessfully","request":"/api/user/getUser","timestamp":"2022-11-22T07:22:22.626Z"}
{"level":"info","message":"User lqblyRwIeylJjL6V8Chj Found Sucessfully","request":"/api/user/getUser","timestamp":"2022-11-22T07:22:26.539Z"}
{"level":"info","message":"User lqblyRwIeylJjL6V8Chj Found Sucessfully","request":"/api/user/getUser","timestamp":"2022-11-22T07:29:43.665Z"}
{"level":"info","message":"User lqblyRwIeylJjL6V8Chj Found Sucessfully","request":"/api/user/getUser","timestamp":"2022-11-22T07:31:26.187Z"}
{"level":"info","message":"User lqblyRwIeylJjL6V8Chj Found Sucessfully","request":"/api/user/getUser","timestamp":"2022-11-22T07:31:28.909Z"}
{"level":"info","message":"User lqblyRwIeylJjL6V8Chj Found Sucessfully","request":"/api/user/getUser","timestamp":"2022-11-22T07:34:05.081Z"}
{"level":"info","message":"User lqblyRwIeylJjL6V8Chj Found Sucessfully","request":"/api/user/getUser","timestamp":"2022-11-22T07:38:52.629Z"}
{"level":"info","message":"User lqblyRwIeylJjL6V8Chj Found Sucessfully","request":"/api/user/getUser","timestamp":"2022-11-22T07:48:17.345Z"}
{"level":"info","message":"User lqblyRwIeylJjL6V8Chj Found Sucessfully","request":"/api/user/getUser","timestamp":"2022-11-22T07:49:23.375Z"}
{"level":"info","message":"User lqblyRwIeylJjL6V8Chj Found Sucessfully","request":"/api/user/getUser","timestamp":"2022-11-22T08:10:05.766Z"}
{"level":"info","message":"User lqblyRwIeylJjL6V8Chj Found Sucessfully","request":"/api/user/getUser","timestamp":"2022-11-22T08:10:43.764Z"}
{"level":"info","message":"User lqblyRwIeylJjL6V8Chj Found Sucessfully","request":"/api/user/getUser","timestamp":"2022-11-22T08:10:46.778Z"}
{"level":"info","message":"User lqblyRwIeylJjL6V8Chj Found Sucessfully","request":"/api/user/getUser","timestamp":"2022-11-22T08:11:49.366Z"}
{"level":"info","message":"User lqblyRwIeylJjL6V8Chj Found Sucessfully","request":"/api/user/getUser","timestamp":"2022-11-22T08:14:13.541Z"}
{"level":"info","message":"User lqblyRwIeylJjL6V8Chj Found Sucessfully","request":"/api/user/getUser","timestamp":"2022-11-22T08:15:53.359Z"}
{"level":"info","message":"User lqblyRwIeylJjL6V8Chj Found Sucessfully","request":"/api/user/getUser","timestamp":"2022-11-22T08:15:55.913Z"}
{"level":"info","message":"User lqblyRwIeylJjL6V8Chj Found Sucessfully","request":"/api/user/getUser","timestamp":"2022-11-22T08:18:04.581Z"}
{"level":"info","message":"User lqblyRwIeylJjL6V8Chj Found Sucessfully","request":"/api/user/getUser","timestamp":"2022-11-22T08:18:22.055Z"}
{"level":"info","message":"User lqblyRwIeylJjL6V8Chj Found Sucessfully","request":"/api/user/getUser","timestamp":"2022-11-22T08:19:19.545Z"}
{"level":"info","message":"User Authenticated Sucessfully","request":"/api/user/authenticate","timestamp":"2022-11-22T08:20:29.978Z"}
{"level":"info","message":"User lqblyRwIeylJjL6V8Chj Found Sucessfully","request":"/api/user/getUser","timestamp":"2022-11-22T08:20:32.599Z"}
{"level":"info","message":"User lqblyRwIeylJjL6V8Chj Found Sucessfully","request":"/api/user/getUser","timestamp":"2022-11-22T08:23:38.941Z"}
{"level":"info","message":"User lqblyRwIeylJjL6V8Chj Found Sucessfully","request":"/api/user/getUser","timestamp":"2022-11-22T08:25:11.601Z"}
{"level":"info","message":"User lqblyRwIeylJjL6V8Chj Found Sucessfully","request":"/api/user/getUser","timestamp":"2022-11-22T08:26:01.215Z"}
{"level":"info","message":"User lqblyRwIeylJjL6V8Chj Found Sucessfully","request":"/api/user/getUser","timestamp":"2022-11-22T08:29:28.835Z"}
{"level":"info","message":"User Authenticated Sucessfully","request":"/api/user/authenticate","timestamp":"2022-11-22T09:10:09.761Z"}
{"level":"info","message":"User lqblyRwIeylJjL6V8Chj Found Sucessfully","request":"/api/user/getUser","timestamp":"2022-11-22T09:17:13.977Z"}
{"level":"info","message":"User lqblyRwIeylJjL6V8Chj Found Sucessfully","request":"/api/user/getUser","timestamp":"2022-11-22T09:17:16.836Z"}
{"level":"info","message":"User lqblyRwIeylJjL6V8Chj Found Sucessfully","request":"/api/user/getUser","timestamp":"2022-11-22T09:22:09.956Z"}
{"level":"info","message":"User lqblyRwIeylJjL6V8Chj Found Sucessfully","request":"/api/user/getUser","timestamp":"2022-11-22T09:26:04.573Z"}
{"level":"info","message":"User lqblyRwIeylJjL6V8Chj Found Sucessfully","request":"/api/user/getUser","timestamp":"2022-11-22T09:28:43.250Z"}
{"level":"info","message":"User lqblyRwIeylJjL6V8Chj Found Sucessfully","request":"/api/user/getUser","timestamp":"2022-11-22T09:31:41.373Z"}
{"level":"info","message":"User lqblyRwIeylJjL6V8Chj Found Sucessfully","request":"/api/user/getUser","timestamp":"2022-11-22T09:33:04.344Z"}
{"level":"info","message":"User lqblyRwIeylJjL6V8Chj Found Sucessfully","request":"/api/user/getUser","timestamp":"2022-11-22T09:33:51.286Z"}
{"level":"info","message":"User lqblyRwIeylJjL6V8Chj Found Sucessfully","request":"/api/user/getUser","timestamp":"2022-11-22T09:35:17.655Z"}
{"level":"info","message":"User lqblyRwIeylJjL6V8Chj Found Sucessfully","request":"/api/user/getUser","timestamp":"2022-11-22T09:36:17.167Z"}
{"level":"info","message":"User lqblyRwIeylJjL6V8Chj Found Sucessfully","request":"/api/user/getUser","timestamp":"2022-11-22T09:42:53.788Z"}
{"level":"info","message":"User lqblyRwIeylJjL6V8Chj Found Sucessfully","request":"/api/user/getUser","timestamp":"2022-11-22T09:44:50.770Z"}
{"level":"info","message":"User lqblyRwIeylJjL6V8Chj Found Sucessfully","request":"/api/user/getUser","timestamp":"2022-11-22T09:47:02.323Z"}
{"level":"info","message":"User lqblyRwIeylJjL6V8Chj Found Sucessfully","request":"/api/user/getUser","timestamp":"2022-11-22T09:56:39.446Z"}
{"level":"info","message":"User lqblyRwIeylJjL6V8Chj Found Sucessfully","request":"/api/user/getUser","timestamp":"2022-11-22T09:57:44.991Z"}
{"level":"info","message":"User lqblyRwIeylJjL6V8Chj Found Sucessfully","request":"/api/user/getUser","timestamp":"2022-11-22T09:57:51.565Z"}
{"level":"info","message":"User lqblyRwIeylJjL6V8Chj Found Sucessfully","request":"/api/user/getUser","timestamp":"2022-11-22T09:58:28.596Z"}
{"level":"info","message":"User Authenticated Sucessfully","request":"/api/user/authenticate","timestamp":"2022-11-22T15:48:50.927Z"}
{"level":"info","message":"User lqblyRwIeylJjL6V8Chj Found Sucessfully","request":"/api/user/getUser","timestamp":"2022-11-22T18:23:24.753Z"}
{"level":"info","message":"User lqblyRwIeylJjL6V8Chj Found Sucessfully","request":"/api/user/getUser","timestamp":"2022-11-22T18:23:27.000Z"}
{"level":"info","message":"User lqblyRwIeylJjL6V8Chj Found Sucessfully","request":"/api/user/getUser","timestamp":"2022-11-22T18:24:39.142Z"}
{"level":"info","message":"User lqblyRwIeylJjL6V8Chj Found Sucessfully","request":"/api/user/getUser","timestamp":"2022-11-22T18:26:38.144Z"}
{"level":"info","message":"User lqblyRwIeylJjL6V8Chj Found Sucessfully","request":"/api/user/getUser","timestamp":"2022-11-22T18:27:33.518Z"}
{"level":"info","message":"User lqblyRwIeylJjL6V8Chj Found Sucessfully","request":"/api/user/getUser","timestamp":"2022-11-22T18:35:11.666Z"}
{"level":"info","message":"User lqblyRwIeylJjL6V8Chj Found Sucessfully","request":"/api/user/getUser","timestamp":"2022-11-22T18:38:06.609Z"}
{"level":"info","message":"User lqblyRwIeylJjL6V8Chj Found Sucessfully","request":"/api/user/getUser","timestamp":"2022-11-22T19:39:12.173Z"}
{"level":"info","message":"User lqblyRwIeylJjL6V8Chj Found Sucessfully","request":"/api/user/getUser","timestamp":"2022-11-22T19:39:53.039Z"}
{"level":"info","message":"User lqblyRwIeylJjL6V8Chj Found Sucessfully","request":"/api/user/getUser","timestamp":"2022-11-22T19:40:34.782Z"}
{"level":"info","message":"User lqblyRwIeylJjL6V8Chj Found Sucessfully","request":"/api/user/getUser","timestamp":"2022-11-22T19:40:56.486Z"}
{"level":"info","message":"User lqblyRwIeylJjL6V8Chj Found Sucessfully","request":"/api/user/getUser","timestamp":"2022-11-22T19:44:28.535Z"}
{"level":"info","message":"User lqblyRwIeylJjL6V8Chj Found Sucessfully","request":"/api/user/getUser","timestamp":"2022-11-22T19:44:39.235Z"}
{"level":"info","message":"User lqblyRwIeylJjL6V8Chj Found Sucessfully","request":"/api/user/getUser","timestamp":"2022-11-22T19:46:38.096Z"}
{"level":"info","message":"User lqblyRwIeylJjL6V8Chj Found Sucessfully","request":"/api/user/getUser","timestamp":"2022-11-22T19:48:28.090Z"}
{"level":"info","message":"User lqblyRwIeylJjL6V8Chj Found Sucessfully","request":"/api/user/getUser","timestamp":"2022-11-22T19:50:37.219Z"}
{"level":"info","message":"User lqblyRwIeylJjL6V8Chj Found Sucessfully","request":"/api/user/getUser","timestamp":"2022-11-22T19:51:51.497Z"}
{"level":"info","message":"User lqblyRwIeylJjL6V8Chj Found Sucessfully","request":"/api/user/getUser","timestamp":"2022-11-22T20:09:02.077Z"}
{"level":"info","message":"User lqblyRwIeylJjL6V8Chj Found Sucessfully","request":"/api/user/getUser","timestamp":"2022-11-22T20:09:09.767Z"}
{"level":"info","message":"User lqblyRwIeylJjL6V8Chj Found Sucessfully","request":"/api/user/getUser","timestamp":"2022-11-22T20:09:19.469Z"}
{"level":"info","message":"User lqblyRwIeylJjL6V8Chj Found Sucessfully","request":"/api/user/getUser","timestamp":"2022-11-22T20:09:24.430Z"}
{"level":"info","message":"User lqblyRwIeylJjL6V8Chj Found Sucessfully","request":"/api/user/getUser","timestamp":"2022-11-22T20:10:34.749Z"}
{"level":"info","message":"User lqblyRwIeylJjL6V8Chj Found Sucessfully","request":"/api/user/getUser","timestamp":"2022-11-22T20:11:02.671Z"}
{"level":"info","message":"User lqblyRwIeylJjL6V8Chj Found Sucessfully","request":"/api/user/getUser","timestamp":"2022-11-22T20:12:45.034Z"}
{"level":"info","message":"User lqblyRwIeylJjL6V8Chj Found Sucessfully","request":"/api/user/getUser","timestamp":"2022-11-22T20:14:21.715Z"}
{"level":"info","message":"User lqblyRwIeylJjL6V8Chj Found Sucessfully","request":"/api/user/getUser","timestamp":"2022-11-22T20:14:45.892Z"}
{"level":"info","message":"User lqblyRwIeylJjL6V8Chj Found Sucessfully","request":"/api/user/getUser","timestamp":"2022-11-22T20:17:57.128Z"}
{"level":"info","message":"User lqblyRwIeylJjL6V8Chj Found Sucessfully","request":"/api/user/getUser","timestamp":"2022-11-22T20:18:00.453Z"}
{"level":"info","message":"User lqblyRwIeylJjL6V8Chj Found Sucessfully","request":"/api/user/getUser","timestamp":"2022-11-22T20:18:03.549Z"}
{"level":"info","message":"User lqblyRwIeylJjL6V8Chj Found Sucessfully","request":"/api/user/getUser","timestamp":"2022-11-22T20:21:09.933Z"}
{"level":"info","message":"User lqblyRwIeylJjL6V8Chj Found Sucessfully","request":"/api/user/getUser","timestamp":"2022-11-22T20:29:02.253Z"}
{"level":"info","message":"User lqblyRwIeylJjL6V8Chj Found Sucessfully","request":"/api/user/getUser","timestamp":"2022-11-22T20:30:20.456Z"}
{"level":"info","message":"User lqblyRwIeylJjL6V8Chj Found Sucessfully","request":"/api/user/getUser","timestamp":"2022-11-22T20:40:38.255Z"}
{"level":"info","message":"User lqblyRwIeylJjL6V8Chj Found Sucessfully","request":"/api/user/getUser","timestamp":"2022-11-22T20:40:50.882Z"}
{"level":"info","message":"User lqblyRwIeylJjL6V8Chj Found Sucessfully","request":"/api/user/getUser","timestamp":"2022-11-22T20:40:53.708Z"}
{"level":"info","message":"User lqblyRwIeylJjL6V8Chj Found Sucessfully","request":"/api/user/getUser","timestamp":"2022-11-22T20:49:15.596Z"}
{"level":"info","message":"User lqblyRwIeylJjL6V8Chj Found Sucessfully","request":"/api/user/getUser","timestamp":"2022-11-22T20:49:41.341Z"}
{"level":"info","message":"User lqblyRwIeylJjL6V8Chj Found Sucessfully","request":"/api/user/getUser","timestamp":"2022-11-22T20:50:06.586Z"}
{"level":"info","message":"User lqblyRwIeylJjL6V8Chj Found Sucessfully","request":"/api/user/getUser","timestamp":"2022-11-22T20:50:26.861Z"}
{"level":"info","message":"User lqblyRwIeylJjL6V8Chj Found Sucessfully","request":"/api/user/getUser","timestamp":"2022-11-22T20:50:35.341Z"}
{"level":"info","message":"User lqblyRwIeylJjL6V8Chj Found Sucessfully","request":"/api/user/getUser","timestamp":"2022-11-22T20:51:39.121Z"}
{"level":"info","message":"User lqblyRwIeylJjL6V8Chj Found Sucessfully","request":"/api/user/getUser","timestamp":"2022-11-22T20:53:47.693Z"}
{"level":"info","message":"User lqblyRwIeylJjL6V8Chj Found Sucessfully","request":"/api/user/getUser","timestamp":"2022-11-22T20:57:07.145Z"}
{"level":"info","message":"User lqblyRwIeylJjL6V8Chj Found Sucessfully","request":"/api/user/getUser","timestamp":"2022-11-22T20:59:23.387Z"}
{"level":"info","message":"User lqblyRwIeylJjL6V8Chj Found Sucessfully","request":"/api/user/getUser","timestamp":"2022-11-22T21:07:55.845Z"}
{"level":"info","message":"User lqblyRwIeylJjL6V8Chj Found Sucessfully","request":"/api/user/getUser","timestamp":"2022-11-22T21:08:04.130Z"}
{"level":"info","message":"User lqblyRwIeylJjL6V8Chj Found Sucessfully","request":"/api/user/getUser","timestamp":"2022-11-22T21:08:20.178Z"}
{"level":"info","message":"User lqblyRwIeylJjL6V8Chj Found Sucessfully","request":"/api/user/getUser","timestamp":"2022-11-22T21:12:42.366Z"}
{"level":"info","message":"User lqblyRwIeylJjL6V8Chj Found Sucessfully","request":"/api/user/getUser","timestamp":"2022-11-23T04:34:11.734Z"}
{"level":"info","message":"User lqblyRwIeylJjL6V8Chj Found Sucessfully","request":"/api/user/getUser","timestamp":"2022-11-23T04:51:43.717Z"}
{"level":"info","message":"User lqblyRwIeylJjL6V8Chj Found Sucessfully","request":"/api/user/getUser","timestamp":"2022-11-23T04:56:41.507Z"}
{"level":"info","message":"User lqblyRwIeylJjL6V8Chj Found Sucessfully","request":"/api/user/getUser","timestamp":"2022-11-23T04:57:33.305Z"}
{"level":"info","message":"User lqblyRwIeylJjL6V8Chj Found Sucessfully","request":"/api/user/getUser","timestamp":"2022-11-23T04:58:21.999Z"}
{"level":"info","message":"User lqblyRwIeylJjL6V8Chj Found Sucessfully","request":"/api/user/getUser","timestamp":"2022-11-23T04:59:40.947Z"}
{"level":"info","message":"User lqblyRwIeylJjL6V8Chj Found Sucessfully","request":"/api/user/getUser","timestamp":"2022-11-23T05:00:08.153Z"}
{"level":"info","message":"User lqblyRwIeylJjL6V8Chj Found Sucessfully","request":"/api/user/getUser","timestamp":"2022-11-23T05:01:40.186Z"}
{"level":"info","message":"User lqblyRwIeylJjL6V8Chj Found Sucessfully","request":"/api/user/getUser","timestamp":"2022-11-23T05:04:27.921Z"}
{"level":"info","message":"User lqblyRwIeylJjL6V8Chj Found Sucessfully","request":"/api/user/getUser","timestamp":"2022-11-23T05:04:57.170Z"}
{"level":"info","message":"User lqblyRwIeylJjL6V8Chj Found Sucessfully","request":"/api/user/getUser","timestamp":"2022-11-23T05:05:35.132Z"}
{"level":"info","message":"User lqblyRwIeylJjL6V8Chj Found Sucessfully","request":"/api/user/getUser","timestamp":"2022-11-23T05:06:04.533Z"}
{"level":"info","message":"User lqblyRwIeylJjL6V8Chj Found Sucessfully","request":"/api/user/getUser","timestamp":"2022-11-23T05:07:26.254Z"}
{"level":"info","message":"User lqblyRwIeylJjL6V8Chj Found Sucessfully","request":"/api/user/getUser","timestamp":"2022-11-23T05:09:32.289Z"}
{"level":"info","message":"User lqblyRwIeylJjL6V8Chj Found Sucessfully","request":"/api/user/getUser","timestamp":"2022-11-23T05:10:20.566Z"}
{"level":"info","message":"User lqblyRwIeylJjL6V8Chj Found Sucessfully","request":"/api/user/getUser","timestamp":"2022-11-23T05:10:37.016Z"}
{"level":"info","message":"User lqblyRwIeylJjL6V8Chj Found Sucessfully","request":"/api/user/getUser","timestamp":"2022-11-23T05:44:45.231Z"}
{"level":"info","message":"User lqblyRwIeylJjL6V8Chj Found Sucessfully","request":"/api/user/getUser","timestamp":"2022-11-23T05:45:13.050Z"}
{"level":"info","message":"User lqblyRwIeylJjL6V8Chj Found Sucessfully","request":"/api/user/getUser","timestamp":"2022-11-23T05:45:35.028Z"}
{"level":"info","message":"User lqblyRwIeylJjL6V8Chj Found Sucessfully","request":"/api/user/getUser","timestamp":"2022-11-23T06:00:07.689Z"}
{"level":"info","message":"User Authenticated Sucessfully","request":"/api/user/authenticate","timestamp":"2022-11-23T07:19:24.013Z"}
{"level":"info","message":"User lqblyRwIeylJjL6V8Chj Found Sucessfully","request":"/api/user/getUser","timestamp":"2022-11-23T07:19:44.623Z"}
{"level":"info","message":"User lqblyRwIeylJjL6V8Chj Found Sucessfully","request":"/api/user/getUser","timestamp":"2022-11-23T07:26:30.850Z"}
{"level":"info","message":"User lqblyRwIeylJjL6V8Chj Found Sucessfully","request":"/api/user/getUser","timestamp":"2022-11-23T07:26:58.316Z"}
{"level":"info","message":"User lqblyRwIeylJjL6V8Chj Found Sucessfully","request":"/api/user/getUser","timestamp":"2022-11-23T07:27:28.613Z"}
{"level":"info","message":"User lqblyRwIeylJjL6V8Chj Found Sucessfully","request":"/api/user/getUser","timestamp":"2022-11-23T07:27:47.854Z"}
{"level":"info","message":"User lqblyRwIeylJjL6V8Chj Found Sucessfully","request":"/api/user/getUser","timestamp":"2022-11-23T07:28:15.010Z"}
{"level":"info","message":"User lqblyRwIeylJjL6V8Chj Found Sucessfully","request":"/api/user/getUser","timestamp":"2022-11-23T07:28:18.489Z"}
{"level":"info","message":"User lqblyRwIeylJjL6V8Chj Found Sucessfully","request":"/api/user/getUser","timestamp":"2022-11-23T07:28:50.251Z"}
{"level":"info","message":"User lqblyRwIeylJjL6V8Chj Found Sucessfully","request":"/api/user/getUser","timestamp":"2022-11-23T07:30:15.075Z"}
{"level":"info","message":"User lqblyRwIeylJjL6V8Chj Found Sucessfully","request":"/api/user/getUser","timestamp":"2022-11-23T07:30:15.187Z"}
{"level":"info","message":"User lqblyRwIeylJjL6V8Chj Found Sucessfully","request":"/api/user/getUser","timestamp":"2022-11-23T07:30:15.286Z"}
{"level":"info","message":"User lqblyRwIeylJjL6V8Chj Found Sucessfully","request":"/api/user/getUser","timestamp":"2022-11-23T07:31:28.027Z"}
{"level":"info","message":"User lqblyRwIeylJjL6V8Chj Found Sucessfully","request":"/api/user/getUser","timestamp":"2022-11-23T07:31:28.124Z"}
{"level":"info","message":"User lqblyRwIeylJjL6V8Chj Found Sucessfully","request":"/api/user/getUser","timestamp":"2022-11-23T07:31:48.087Z"}
{"level":"info","message":"User lqblyRwIeylJjL6V8Chj Found Sucessfully","request":"/api/user/getUser","timestamp":"2022-11-23T07:32:04.532Z"}
{"level":"info","message":"User lqblyRwIeylJjL6V8Chj Found Sucessfully","request":"/api/user/getUser","timestamp":"2022-11-23T07:32:35.367Z"}
{"level":"info","message":"User lqblyRwIeylJjL6V8Chj Found Sucessfully","request":"/api/user/getUser","timestamp":"2022-11-23T07:32:41.111Z"}
{"level":"info","message":"User lqblyRwIeylJjL6V8Chj Found Sucessfully","request":"/api/user/getUser","timestamp":"2022-11-23T07:34:40.175Z"}
{"level":"info","message":"User lqblyRwIeylJjL6V8Chj Found Sucessfully","request":"/api/user/getUser","timestamp":"2022-11-23T07:34:58.795Z"}
{"level":"info","message":"User lqblyRwIeylJjL6V8Chj Found Sucessfully","request":"/api/user/getUser","timestamp":"2022-11-23T07:35:18.535Z"}
{"level":"info","message":"User lqblyRwIeylJjL6V8Chj Found Sucessfully","request":"/api/user/getUser","timestamp":"2022-11-23T07:36:36.437Z"}
{"level":"info","message":"User lqblyRwIeylJjL6V8Chj Found Sucessfully","request":"/api/user/getUser","timestamp":"2022-11-23T07:36:59.293Z"}
{"level":"info","message":"User lqblyRwIeylJjL6V8Chj Found Sucessfully","request":"/api/user/getUser","timestamp":"2022-11-23T07:37:53.590Z"}
{"level":"info","message":"User lqblyRwIeylJjL6V8Chj Found Sucessfully","request":"/api/user/getUser","timestamp":"2022-11-23T07:38:22.931Z"}
{"level":"info","message":"User lqblyRwIeylJjL6V8Chj Found Sucessfully","request":"/api/user/getUser","timestamp":"2022-11-23T07:39:50.831Z"}
{"level":"info","message":"User lqblyRwIeylJjL6V8Chj Found Sucessfully","request":"/api/user/getUser","timestamp":"2022-11-23T07:43:06.952Z"}
{"level":"info","message":"User lqblyRwIeylJjL6V8Chj Found Sucessfully","request":"/api/user/getUser","timestamp":"2022-11-23T07:43:31.612Z"}
{"level":"info","message":"User lqblyRwIeylJjL6V8Chj Found Sucessfully","request":"/api/user/getUser","timestamp":"2022-11-23T07:46:03.697Z"}
{"level":"info","message":"User lqblyRwIeylJjL6V8Chj Found Sucessfully","request":"/api/user/getUser","timestamp":"2022-11-23T07:47:17.900Z"}
{"level":"info","message":"User lqblyRwIeylJjL6V8Chj Found Sucessfully","request":"/api/user/getUser","timestamp":"2022-11-23T07:47:34.250Z"}
{"level":"info","message":"User lqblyRwIeylJjL6V8Chj Found Sucessfully","request":"/api/user/getUser","timestamp":"2022-11-23T07:48:41.238Z"}
{"level":"info","message":"User lqblyRwIeylJjL6V8Chj Found Sucessfully","request":"/api/user/getUser","timestamp":"2022-11-23T07:49:16.817Z"}
{"level":"info","message":"User lqblyRwIeylJjL6V8Chj Found Sucessfully","request":"/api/user/getUser","timestamp":"2022-11-23T07:49:27.886Z"}
{"level":"info","message":"User lqblyRwIeylJjL6V8Chj Found Sucessfully","request":"/api/user/getUser","timestamp":"2022-11-23T07:49:40.010Z"}
{"level":"info","message":"User lqblyRwIeylJjL6V8Chj Found Sucessfully","request":"/api/user/getUser","timestamp":"2022-11-23T07:50:06.034Z"}
{"level":"info","message":"User lqblyRwIeylJjL6V8Chj Found Sucessfully","request":"/api/user/getUser","timestamp":"2022-11-23T07:50:15.237Z"}
{"level":"info","message":"User lqblyRwIeylJjL6V8Chj Found Sucessfully","request":"/api/user/getUser","timestamp":"2022-11-23T07:51:01.141Z"}
{"level":"info","message":"User lqblyRwIeylJjL6V8Chj Found Sucessfully","request":"/api/user/getUser","timestamp":"2022-11-23T07:51:54.080Z"}
{"level":"info","message":"User lqblyRwIeylJjL6V8Chj Found Sucessfully","request":"/api/user/getUser","timestamp":"2022-11-23T07:52:15.318Z"}
{"level":"info","message":"User lqblyRwIeylJjL6V8Chj Found Sucessfully","request":"/api/user/getUser","timestamp":"2022-11-23T07:52:28.094Z"}
{"level":"info","message":"User lqblyRwIeylJjL6V8Chj Found Sucessfully","request":"/api/user/getUser","timestamp":"2022-11-23T07:52:39.397Z"}
{"level":"info","message":"User lqblyRwIeylJjL6V8Chj Found Sucessfully","request":"/api/user/getUser","timestamp":"2022-11-23T07:52:57.573Z"}
{"level":"info","message":"User lqblyRwIeylJjL6V8Chj Found Sucessfully","request":"/api/user/getUser","timestamp":"2022-11-23T07:53:41.965Z"}
{"level":"info","message":"User lqblyRwIeylJjL6V8Chj Found Sucessfully","request":"/api/user/getUser","timestamp":"2022-11-23T07:54:44.681Z"}
{"level":"info","message":"User lqblyRwIeylJjL6V8Chj Found Sucessfully","request":"/api/user/getUser","timestamp":"2022-11-23T10:50:06.023Z"}
{"level":"info","message":"User lqblyRwIeylJjL6V8Chj Found Sucessfully","request":"/api/user/getUser","timestamp":"2022-11-23T10:53:12.093Z"}
{"level":"info","message":"User lqblyRwIeylJjL6V8Chj Found Sucessfully","request":"/api/user/getUser","timestamp":"2022-11-23T10:53:33.339Z"}
{"level":"info","message":"User lqblyRwIeylJjL6V8Chj Found Sucessfully","request":"/api/user/getUser","timestamp":"2022-11-23T10:53:37.449Z"}
{"level":"info","message":"User lqblyRwIeylJjL6V8Chj Found Sucessfully","request":"/api/user/getUser","timestamp":"2022-11-23T10:54:28.379Z"}
{"level":"info","message":"User lqblyRwIeylJjL6V8Chj Found Sucessfully","request":"/api/user/getUser","timestamp":"2022-11-23T10:55:06.462Z"}
{"level":"info","message":"User lqblyRwIeylJjL6V8Chj Found Sucessfully","request":"/api/user/getUser","timestamp":"2022-11-23T10:56:57.985Z"}
{"level":"info","message":"User lqblyRwIeylJjL6V8Chj Found Sucessfully","request":"/api/user/getUser","timestamp":"2022-11-23T10:58:35.676Z"}
{"level":"info","message":"User lqblyRwIeylJjL6V8Chj Found Sucessfully","request":"/api/user/getUser","timestamp":"2022-11-23T10:58:58.157Z"}
{"level":"info","message":"User lqblyRwIeylJjL6V8Chj Found Sucessfully","request":"/api/user/getUser","timestamp":"2022-11-23T11:01:39.252Z"}
{"level":"info","message":"User lqblyRwIeylJjL6V8Chj Found Sucessfully","request":"/api/user/getUser","timestamp":"2022-11-23T11:01:57.740Z"}
{"level":"info","message":"User lqblyRwIeylJjL6V8Chj Found Sucessfully","request":"/api/user/getUser","timestamp":"2022-11-23T11:05:21.936Z"}
{"level":"info","message":"User lqblyRwIeylJjL6V8Chj Found Sucessfully","request":"/api/user/getUser","timestamp":"2022-11-23T11:05:48.856Z"}
{"level":"info","message":"User lqblyRwIeylJjL6V8Chj Found Sucessfully","request":"/api/user/getUser","timestamp":"2022-11-23T11:08:12.401Z"}
{"level":"info","message":"User lqblyRwIeylJjL6V8Chj Found Sucessfully","request":"/api/user/getUser","timestamp":"2022-11-23T11:11:51.815Z"}
{"level":"info","message":"User lqblyRwIeylJjL6V8Chj Found Sucessfully","request":"/api/user/getUser","timestamp":"2022-11-23T11:13:41.826Z"}
{"level":"info","message":"User lqblyRwIeylJjL6V8Chj Found Sucessfully","request":"/api/user/getUser","timestamp":"2022-11-23T15:18:11.077Z"}
{"level":"info","message":"User lqblyRwIeylJjL6V8Chj Found Sucessfully","request":"/api/user/getUser","timestamp":"2022-11-23T15:18:37.683Z"}
{"level":"info","message":"User lqblyRwIeylJjL6V8Chj Found Sucessfully","request":"/api/user/getUser","timestamp":"2022-11-23T15:18:50.557Z"}
{"level":"info","message":"User lqblyRwIeylJjL6V8Chj Found Sucessfully","request":"/api/user/getUser","timestamp":"2022-11-23T15:23:05.835Z"}
{"level":"info","message":"User lqblyRwIeylJjL6V8Chj Found Sucessfully","request":"/api/user/getUser","timestamp":"2022-11-23T15:26:17.786Z"}
{"level":"info","message":"User lqblyRwIeylJjL6V8Chj Found Sucessfully","request":"/api/user/getUser","timestamp":"2022-11-23T15:27:56.753Z"}
{"level":"info","message":"User lqblyRwIeylJjL6V8Chj Found Sucessfully","request":"/api/user/getUser","timestamp":"2022-11-23T15:32:17.564Z"}
{"level":"info","message":"User lqblyRwIeylJjL6V8Chj Found Sucessfully","request":"/api/user/getUser","timestamp":"2022-11-23T15:36:39.219Z"}
{"level":"info","message":"User lqblyRwIeylJjL6V8Chj Found Sucessfully","request":"/api/user/getUser","timestamp":"2022-11-23T15:36:42.138Z"}
{"level":"info","message":"User lqblyRwIeylJjL6V8Chj Found Sucessfully","request":"/api/user/getUser","timestamp":"2022-11-23T15:36:43.731Z"}
{"level":"info","message":"User lqblyRwIeylJjL6V8Chj Found Sucessfully","request":"/api/user/getUser","timestamp":"2022-11-23T19:13:35.667Z"}
{"level":"info","message":"User lqblyRwIeylJjL6V8Chj Found Sucessfully","request":"/api/user/getUser","timestamp":"2022-11-23T20:16:50.542Z"}
{"level":"info","message":"User Authenticated Sucessfully","request":"/api/user/authenticate","timestamp":"2022-11-25T16:48:48.231Z"}
{"level":"info","message":"User Authenticated Sucessfully","request":"/api/user/authenticate","timestamp":"2022-11-25T16:48:48.245Z"}
{"level":"info","message":"User Authenticated Sucessfully","request":"/api/user/authenticate","timestamp":"2022-11-25T16:51:41.225Z"}
{"level":"info","message":"User Authenticated Sucessfully","request":"/api/user/authenticate","timestamp":"2022-11-25T16:52:35.913Z"}
{"level":"info","message":"User lqblyRwIeylJjL6V8Chj Found Sucessfully","request":"/api/user/getUser","timestamp":"2022-11-25T17:16:36.385Z"}
{"level":"info","message":"User lqblyRwIeylJjL6V8Chj Found Sucessfully","request":"/api/user/getUser","timestamp":"2022-11-25T17:17:29.031Z"}
{"level":"info","message":"User lqblyRwIeylJjL6V8Chj Found Sucessfully","request":"/api/user/getUser","timestamp":"2022-11-25T17:31:20.620Z"}
{"level":"info","message":"User lqblyRwIeylJjL6V8Chj Found Sucessfully","request":"/api/user/getUser","timestamp":"2022-11-25T17:31:32.597Z"}
{"level":"info","message":"User lqblyRwIeylJjL6V8Chj Found Sucessfully","request":"/api/user/getUser","timestamp":"2022-11-25T17:33:12.482Z"}
{"level":"info","message":"User st8U8eP66hOUA25mCsFI Found Sucessfully","request":"/api/user/getUser","timestamp":"2022-11-26T03:20:55.422Z"}
{"level":"info","message":"User lqblyRwIeylJjL6V8Chj Found Sucessfully","request":"/api/user/getUser","timestamp":"2022-11-26T03:26:11.312Z"}
{"level":"info","message":"User lqblyRwIeylJjL6V8Chj Found Sucessfully","request":"/api/user/getUser","timestamp":"2022-11-26T03:26:16.397Z"}
{"level":"info","message":"User lqblyRwIeylJjL6V8Chj Found Sucessfully","request":"/api/user/getUser","timestamp":"2022-11-26T03:28:55.412Z"}
{"level":"info","message":"User lqblyRwIeylJjL6V8Chj Found Sucessfully","request":"/api/user/getUser","timestamp":"2022-11-26T03:30:45.615Z"}
{"level":"info","message":"User Authenticated Sucessfully","request":"/api/user/authenticate","timestamp":"2022-11-26T03:38:45.927Z"}
{"level":"info","message":"User st8U8eP66hOUA25mCsFI Found Sucessfully","request":"/api/user/getUser","timestamp":"2022-11-26T03:38:50.468Z"}
{"level":"info","message":"User Authenticated Sucessfully","request":"/api/user/authenticate","timestamp":"2022-11-26T03:39:13.350Z"}
{"level":"info","message":"User st8U8eP66hOUA25mCsFI Found Sucessfully","request":"/api/user/getUser","timestamp":"2022-11-26T03:39:21.627Z"}
{"level":"info","message":"User Authenticated Sucessfully","request":"/api/user/authenticate","timestamp":"2022-11-26T03:40:28.113Z"}
{"level":"info","message":"User lqblyRwIeylJjL6V8Chj Found Sucessfully","request":"/api/user/getUser","timestamp":"2022-11-26T03:44:41.634Z"}
{"level":"info","message":"User lqblyRwIeylJjL6V8Chj Found Sucessfully","request":"/api/user/getUser","timestamp":"2022-11-26T03:48:22.019Z"}
{"level":"info","message":"User lqblyRwIeylJjL6V8Chj Found Sucessfully","request":"/api/user/getUser","timestamp":"2022-11-26T03:48:27.021Z"}
{"level":"info","message":"User Authenticated Sucessfully","request":"/api/user/authenticate","timestamp":"2022-11-26T03:48:59.512Z"}
{"level":"info","message":"User lqblyRwIeylJjL6V8Chj Found Sucessfully","request":"/api/user/getUser","timestamp":"2022-11-26T03:49:11.215Z"}
{"level":"info","message":"User lqblyRwIeylJjL6V8Chj Found Sucessfully","request":"/api/user/getUser","timestamp":"2022-11-26T03:49:24.338Z"}
{"level":"info","message":"User Authenticated Sucessfully","request":"/api/user/authenticate","timestamp":"2022-11-26T03:50:01.794Z"}
{"level":"info","message":"User Authenticated Sucessfully","request":"/api/user/authenticate","timestamp":"2022-11-26T03:54:04.886Z"}
{"level":"info","message":"User BWpnAOGSTMznTbmV1ZSh Found Sucessfully","request":"/api/user/getUser","timestamp":"2022-11-26T03:54:32.679Z"}
{"level":"info","message":"User lqblyRwIeylJjL6V8Chj Found Sucessfully","request":"/api/user/getUser","timestamp":"2022-11-26T04:21:26.150Z"}
{"level":"info","message":"User BWpnAOGSTMznTbmV1ZSh Found Sucessfully","request":"/api/user/getUser","timestamp":"2022-11-26T04:26:47.236Z"}
{"level":"info","message":"User lqblyRwIeylJjL6V8Chj Found Sucessfully","request":"/api/user/getUser","timestamp":"2022-11-26T04:26:57.870Z"}
{"level":"info","message":"User Authenticated Sucessfully","request":"/api/user/authenticate","timestamp":"2022-11-26T04:29:09.681Z"}
{"level":"info","message":"User lqblyRwIeylJjL6V8Chj Found Sucessfully","request":"/api/user/getUser","timestamp":"2022-11-26T04:30:47.198Z"}
{"level":"info","message":"User lqblyRwIeylJjL6V8Chj Found Sucessfully","request":"/api/user/getUser","timestamp":"2022-11-26T04:33:35.134Z"}
{"level":"info","message":"User lqblyRwIeylJjL6V8Chj Found Sucessfully","request":"/api/user/getUser","timestamp":"2022-11-26T04:34:06.503Z"}
{"level":"info","message":"User lqblyRwIeylJjL6V8Chj Found Sucessfully","request":"/api/user/getUser","timestamp":"2022-11-26T04:34:45.989Z"}
{"level":"info","message":"User lqblyRwIeylJjL6V8Chj Found Sucessfully","request":"/api/user/getUser","timestamp":"2022-11-26T04:35:45.642Z"}
{"level":"info","message":"User BWpnAOGSTMznTbmV1ZSh Found Sucessfully","request":"/api/user/getUser","timestamp":"2022-11-26T04:36:38.671Z"}
{"level":"info","message":"User BWpnAOGSTMznTbmV1ZSh Found Sucessfully","request":"/api/user/getUser","timestamp":"2022-11-26T04:41:32.081Z"}
{"level":"info","message":"User Authenticated Sucessfully","request":"/api/user/authenticate","timestamp":"2022-11-26T04:42:27.164Z"}
{"level":"info","message":"User lqblyRwIeylJjL6V8Chj Found Sucessfully","request":"/api/user/getUser","timestamp":"2022-11-26T05:15:44.955Z"}
{"level":"info","message":"User lqblyRwIeylJjL6V8Chj Found Sucessfully","request":"/api/user/getUser","timestamp":"2022-11-26T05:16:11.268Z"}
{"level":"info","message":"User lqblyRwIeylJjL6V8Chj Found Sucessfully","request":"/api/user/getUser","timestamp":"2022-11-26T05:16:15.358Z"}
{"level":"info","message":"User lqblyRwIeylJjL6V8Chj Found Sucessfully","request":"/api/user/getUser","timestamp":"2022-11-26T05:18:59.064Z"}
{"level":"info","message":"User lqblyRwIeylJjL6V8Chj Found Sucessfully","request":"/api/user/getUser","timestamp":"2022-11-26T05:19:44.476Z"}
{"level":"info","message":"User Authenticated Sucessfully","request":"/api/user/authenticate","timestamp":"2022-11-26T07:24:31.977Z"}
{"level":"info","message":"User Authenticated Sucessfully","request":"/api/user/authenticate","timestamp":"2022-11-26T07:24:31.990Z"}
{"level":"info","message":"User lqblyRwIeylJjL6V8Chj Found Sucessfully","request":"/api/user/getUser","timestamp":"2022-11-26T07:29:53.133Z"}
{"level":"info","message":"User Authenticated Sucessfully","request":"/api/user/authenticate","timestamp":"2022-11-26T07:51:52.050Z"}
{"level":"info","message":"User BWpnAOGSTMznTbmV1ZSh Found Sucessfully","request":"/api/user/getUser","timestamp":"2022-11-26T07:54:09.206Z"}
{"level":"info","message":"User Authenticated Sucessfully","request":"/api/user/authenticate","timestamp":"2022-11-26T08:07:56.042Z"}
{"level":"info","message":"User lqblyRwIeylJjL6V8Chj Found Sucessfully","request":"/api/user/getUser","timestamp":"2022-11-26T08:08:11.409Z"}
{"level":"info","message":"User lqblyRwIeylJjL6V8Chj Found Sucessfully","request":"/api/user/getUser","timestamp":"2022-11-26T08:11:35.795Z"}
{"level":"info","message":"User Authenticated Sucessfully","request":"/api/user/authenticate","timestamp":"2022-11-26T08:40:43.892Z"}
{"level":"info","message":"User lqblyRwIeylJjL6V8Chj Found Sucessfully","request":"/api/user/getUser","timestamp":"2022-11-26T08:41:11.277Z"}
{"level":"info","message":"User Authenticated Sucessfully","request":"/api/user/authenticate","timestamp":"2022-11-26T08:43:00.220Z"}
{"level":"info","message":"User lqblyRwIeylJjL6V8Chj Found Sucessfully","request":"/api/user/getUser","timestamp":"2022-11-26T08:44:51.649Z"}
{"level":"info","message":"User Authenticated Sucessfully","request":"/api/user/authenticate","timestamp":"2022-11-26T08:45:36.215Z"}
{"level":"info","message":"User lqblyRwIeylJjL6V8Chj Found Sucessfully","request":"/api/user/getUser","timestamp":"2022-11-26T08:45:46.286Z"}
{"level":"info","message":"User lqblyRwIeylJjL6V8Chj Found Sucessfully","request":"/api/user/getUser","timestamp":"2022-11-26T08:45:54.900Z"}
{"level":"info","message":"User lqblyRwIeylJjL6V8Chj Found Sucessfully","request":"/api/user/getUser","timestamp":"2022-11-26T08:47:17.831Z"}
{"level":"info","message":"User lqblyRwIeylJjL6V8Chj Found Sucessfully","request":"/api/user/getUser","timestamp":"2022-11-26T08:49:33.189Z"}
{"level":"info","message":"User Authenticated Sucessfully","request":"/api/user/authenticate","timestamp":"2022-11-26T08:52:16.316Z"}
{"level":"info","message":"User lqblyRwIeylJjL6V8Chj Found Sucessfully","request":"/api/user/getUser","timestamp":"2022-11-26T08:52:24.657Z"}
{"level":"info","message":"User Authenticated Sucessfully","request":"/api/user/authenticate","timestamp":"2022-11-26T08:54:09.862Z"}
{"level":"info","message":"User Authenticated Sucessfully","request":"/api/user/authenticate","timestamp":"2022-11-26T08:54:09.878Z"}
{"level":"info","message":"User lqblyRwIeylJjL6V8Chj Found Sucessfully","request":"/api/user/getUser","timestamp":"2022-11-26T09:11:38.303Z"}
{"level":"info","message":"User lqblyRwIeylJjL6V8Chj Found Sucessfully","request":"/api/user/getUser","timestamp":"2022-11-26T09:13:02.216Z"}
{"level":"info","message":"User Authenticated Sucessfully","request":"/api/user/authenticate","timestamp":"2022-11-26T09:15:22.680Z"}
{"level":"info","message":"User lqblyRwIeylJjL6V8Chj Found Sucessfully","request":"/api/user/getUser","timestamp":"2022-11-26T09:17:25.719Z"}
{"level":"info","message":"User lqblyRwIeylJjL6V8Chj Found Sucessfully","request":"/api/user/getUser","timestamp":"2022-11-26T09:17:29.057Z"}
{"level":"info","message":"User lqblyRwIeylJjL6V8Chj Found Sucessfully","request":"/api/user/getUser","timestamp":"2022-11-26T09:18:34.219Z"}
{"level":"info","message":"User Authenticated Sucessfully","request":"/api/user/authenticate","timestamp":"2022-11-26T09:19:30.256Z"}
{"level":"info","message":"User lqblyRwIeylJjL6V8Chj Found Sucessfully","request":"/api/user/getUser","timestamp":"2022-11-26T09:19:33.601Z"}
{"level":"info","message":"User lqblyRwIeylJjL6V8Chj Found Sucessfully","request":"/api/user/getUser","timestamp":"2022-11-26T09:21:20.771Z"}
{"level":"info","message":"User lqblyRwIeylJjL6V8Chj Found Sucessfully","request":"/api/user/getUser","timestamp":"2022-11-26T09:21:36.675Z"}
{"level":"info","message":"User lqblyRwIeylJjL6V8Chj Found Sucessfully","request":"/api/user/getUser","timestamp":"2022-11-26T09:27:22.513Z"}
{"level":"info","message":"User lqblyRwIeylJjL6V8Chj Found Sucessfully","request":"/api/user/getUser","timestamp":"2022-11-26T09:42:22.020Z"}
{"level":"info","message":"User lqblyRwIeylJjL6V8Chj Found Sucessfully","request":"/api/user/getUser","timestamp":"2022-11-26T09:46:49.977Z"}
{"level":"info","message":"User lqblyRwIeylJjL6V8Chj Found Sucessfully","request":"/api/user/getUser","timestamp":"2022-11-26T09:46:56.337Z"}
{"level":"info","message":"User lqblyRwIeylJjL6V8Chj Found Sucessfully","request":"/api/user/getUser","timestamp":"2022-11-26T09:48:09.727Z"}
{"level":"info","message":"User lqblyRwIeylJjL6V8Chj Found Sucessfully","request":"/api/user/getUser","timestamp":"2022-11-26T09:51:03.479Z"}
{"level":"info","message":"User lqblyRwIeylJjL6V8Chj Found Sucessfully","request":"/api/user/getUser","timestamp":"2022-11-26T09:51:34.398Z"}
{"level":"info","message":"User Authenticated Sucessfully","request":"/api/user/authenticate","timestamp":"2022-11-26T09:53:15.361Z"}
{"level":"info","message":"User lqblyRwIeylJjL6V8Chj Found Sucessfully","request":"/api/user/getUser","timestamp":"2022-11-26T09:54:40.920Z"}
{"level":"info","message":"User lqblyRwIeylJjL6V8Chj Found Sucessfully","request":"/api/user/getUser","timestamp":"2022-11-26T09:55:28.488Z"}
{"level":"info","message":"User lqblyRwIeylJjL6V8Chj Found Sucessfully","request":"/api/user/getUser","timestamp":"2022-11-26T09:56:12.599Z"}
{"level":"info","message":"User lqblyRwIeylJjL6V8Chj Found Sucessfully","request":"/api/user/getUser","timestamp":"2022-11-26T09:56:17.503Z"}
{"level":"info","message":"User lqblyRwIeylJjL6V8Chj Found Sucessfully","request":"/api/user/getUser","timestamp":"2022-11-26T09:56:35.333Z"}
{"level":"info","message":"User lqblyRwIeylJjL6V8Chj Found Sucessfully","request":"/api/user/getUser","timestamp":"2022-11-26T09:57:20.440Z"}
{"level":"info","message":"User lqblyRwIeylJjL6V8Chj Found Sucessfully","request":"/api/user/getUser","timestamp":"2022-11-26T09:57:33.629Z"}
{"level":"info","message":"User lqblyRwIeylJjL6V8Chj Found Sucessfully","request":"/api/user/getUser","timestamp":"2022-11-26T09:57:42.427Z"}
{"level":"info","message":"User lqblyRwIeylJjL6V8Chj Found Sucessfully","request":"/api/user/getUser","timestamp":"2022-11-26T09:57:55.989Z"}
{"level":"info","message":"User lqblyRwIeylJjL6V8Chj Found Sucessfully","request":"/api/user/getUser","timestamp":"2022-11-26T09:59:09.126Z"}
{"level":"info","message":"User lqblyRwIeylJjL6V8Chj Found Sucessfully","request":"/api/user/getUser","timestamp":"2022-11-26T09:59:20.588Z"}
{"level":"info","message":"User lqblyRwIeylJjL6V8Chj Found Sucessfully","request":"/api/user/getUser","timestamp":"2022-11-26T10:00:33.150Z"}
{"level":"info","message":"User lqblyRwIeylJjL6V8Chj Found Sucessfully","request":"/api/user/getUser","timestamp":"2022-11-26T10:01:03.659Z"}
{"level":"info","message":"User lqblyRwIeylJjL6V8Chj Found Sucessfully","request":"/api/user/getUser","timestamp":"2022-11-26T10:01:08.140Z"}
{"level":"info","message":"User lqblyRwIeylJjL6V8Chj Found Sucessfully","request":"/api/user/getUser","timestamp":"2022-11-26T10:01:26.963Z"}
{"level":"info","message":"User lqblyRwIeylJjL6V8Chj Found Sucessfully","request":"/api/user/getUser","timestamp":"2022-11-26T10:02:37.785Z"}
{"level":"info","message":"User lqblyRwIeylJjL6V8Chj Found Sucessfully","request":"/api/user/getUser","timestamp":"2022-11-26T10:02:57.103Z"}
{"level":"info","message":"User lqblyRwIeylJjL6V8Chj Found Sucessfully","request":"/api/user/getUser","timestamp":"2022-11-26T10:03:29.213Z"}
{"level":"info","message":"User lqblyRwIeylJjL6V8Chj Found Sucessfully","request":"/api/user/getUser","timestamp":"2022-11-26T10:03:50.688Z"}
{"level":"info","message":"User lqblyRwIeylJjL6V8Chj Found Sucessfully","request":"/api/user/getUser","timestamp":"2022-11-26T10:04:03.113Z"}
{"level":"info","message":"User lqblyRwIeylJjL6V8Chj Found Sucessfully","request":"/api/user/getUser","timestamp":"2022-11-26T10:05:09.826Z"}
{"level":"info","message":"User lqblyRwIeylJjL6V8Chj Found Sucessfully","request":"/api/user/getUser","timestamp":"2022-11-26T10:05:32.261Z"}
{"level":"info","message":"User lqblyRwIeylJjL6V8Chj Found Sucessfully","request":"/api/user/getUser","timestamp":"2022-11-26T10:05:48.471Z"}
{"level":"info","message":"User Authenticated Sucessfully","request":"/api/user/authenticate","timestamp":"2022-11-26T10:06:47.556Z"}
{"level":"info","message":"User lqblyRwIeylJjL6V8Chj Found Sucessfully","request":"/api/user/getUser","timestamp":"2022-11-26T10:08:35.869Z"}
{"level":"info","message":"User lqblyRwIeylJjL6V8Chj Found Sucessfully","request":"/api/user/getUser","timestamp":"2022-11-26T10:08:50.952Z"}
{"level":"info","message":"User lqblyRwIeylJjL6V8Chj Found Sucessfully","request":"/api/user/getUser","timestamp":"2022-11-26T10:09:24.511Z"}
{"level":"info","message":"User lqblyRwIeylJjL6V8Chj Found Sucessfully","request":"/api/user/getUser","timestamp":"2022-11-26T10:09:47.432Z"}
{"level":"info","message":"User lqblyRwIeylJjL6V8Chj Found Sucessfully","request":"/api/user/getUser","timestamp":"2022-11-26T10:10:04.866Z"}
{"level":"info","message":"User lqblyRwIeylJjL6V8Chj Found Sucessfully","request":"/api/user/getUser","timestamp":"2022-11-26T10:10:24.209Z"}
{"level":"info","message":"User lqblyRwIeylJjL6V8Chj Found Sucessfully","request":"/api/user/getUser","timestamp":"2022-11-26T10:10:42.286Z"}
{"level":"info","message":"User lqblyRwIeylJjL6V8Chj Found Sucessfully","request":"/api/user/getUser","timestamp":"2022-11-26T10:11:00.658Z"}
{"level":"info","message":"User lqblyRwIeylJjL6V8Chj Found Sucessfully","request":"/api/user/getUser","timestamp":"2022-11-26T10:11:55.840Z"}
{"level":"info","message":"User lqblyRwIeylJjL6V8Chj Found Sucessfully","request":"/api/user/getUser","timestamp":"2022-11-26T10:13:26.418Z"}
{"level":"info","message":"User lqblyRwIeylJjL6V8Chj Found Sucessfully","request":"/api/user/getUser","timestamp":"2022-11-26T10:13:41.621Z"}
{"level":"info","message":"User lqblyRwIeylJjL6V8Chj Found Sucessfully","request":"/api/user/getUser","timestamp":"2022-11-26T10:14:33.352Z"}
{"level":"info","message":"User lqblyRwIeylJjL6V8Chj Found Sucessfully","request":"/api/user/getUser","timestamp":"2022-11-26T10:14:51.711Z"}
{"level":"info","message":"User lqblyRwIeylJjL6V8Chj Found Sucessfully","request":"/api/user/getUser","timestamp":"2022-11-26T10:15:14.629Z"}
{"level":"info","message":"User lqblyRwIeylJjL6V8Chj Found Sucessfully","request":"/api/user/getUser","timestamp":"2022-11-26T10:15:18.167Z"}
{"level":"info","message":"User lqblyRwIeylJjL6V8Chj Found Sucessfully","request":"/api/user/getUser","timestamp":"2022-11-26T10:23:03.181Z"}
{"level":"info","message":"User lqblyRwIeylJjL6V8Chj Found Sucessfully","request":"/api/user/getUser","timestamp":"2022-11-26T10:23:07.417Z"}
{"level":"info","message":"User lqblyRwIeylJjL6V8Chj Found Sucessfully","request":"/api/user/getUser","timestamp":"2022-11-26T10:23:25.226Z"}
{"level":"info","message":"User lqblyRwIeylJjL6V8Chj Found Sucessfully","request":"/api/user/getUser","timestamp":"2022-11-26T10:24:24.915Z"}
{"level":"info","message":"User lqblyRwIeylJjL6V8Chj Found Sucessfully","request":"/api/user/getUser","timestamp":"2022-11-26T10:24:42.046Z"}
{"level":"info","message":"User lqblyRwIeylJjL6V8Chj Found Sucessfully","request":"/api/user/getUser","timestamp":"2022-11-26T10:24:44.994Z"}
{"level":"info","message":"User lqblyRwIeylJjL6V8Chj Found Sucessfully","request":"/api/user/getUser","timestamp":"2022-11-26T10:25:03.265Z"}
{"level":"info","message":"User lqblyRwIeylJjL6V8Chj Found Sucessfully","request":"/api/user/getUser","timestamp":"2022-11-26T10:25:58.896Z"}
{"level":"info","message":"User Authenticated Sucessfully","request":"/api/user/authenticate","timestamp":"2023-02-07T16:37:22.640Z"}
{"level":"info","message":"User lqblyRwIeylJjL6V8Chj Found Sucessfully","request":"/api/user/getUser","timestamp":"2023-02-07T16:37:36.640Z"}
{"level":"info","message":"User lqblyRwIeylJjL6V8Chj Found Sucessfully","request":"/api/user/getUser","timestamp":"2023-02-07T16:39:17.689Z"}
{"level":"info","message":"User lqblyRwIeylJjL6V8Chj Found Sucessfully","request":"/api/user/getUser","timestamp":"2023-02-07T16:40:04.735Z"}
{"level":"info","message":"User lqblyRwIeylJjL6V8Chj Found Sucessfully","request":"/api/user/getUser","timestamp":"2023-02-07T16:41:58.746Z"}
{"level":"info","message":"User lqblyRwIeylJjL6V8Chj Found Sucessfully","request":"/api/user/getUser","timestamp":"2023-02-07T16:47:01.899Z"}
{"level":"info","message":"User lqblyRwIeylJjL6V8Chj Found Sucessfully","request":"/api/user/getUser","timestamp":"2023-02-07T16:51:52.499Z"}
{"level":"info","message":"User lqblyRwIeylJjL6V8Chj Found Sucessfully","request":"/api/user/getUser","timestamp":"2023-02-07T16:52:46.068Z"}
{"level":"info","message":"User lqblyRwIeylJjL6V8Chj Found Sucessfully","request":"/api/user/getUser","timestamp":"2023-02-07T17:04:29.660Z"}
{"level":"info","message":"User lqblyRwIeylJjL6V8Chj Found Sucessfully","request":"/api/user/getUser","timestamp":"2023-02-07T17:46:40.396Z"}
{"level":"info","message":"User lqblyRwIeylJjL6V8Chj Found Sucessfully","request":"/api/user/getUser","timestamp":"2023-02-07T17:46:44.151Z"}
{"level":"info","message":"User lqblyRwIeylJjL6V8Chj Found Sucessfully","request":"/api/user/getUser","timestamp":"2023-02-07T18:17:44.252Z"}
{"level":"info","message":"User lqblyRwIeylJjL6V8Chj Found Sucessfully","request":"/api/user/getUser","timestamp":"2023-02-07T18:23:44.763Z"}
